Copyright 1986-2022 Xilinx, Inc. All Rights Reserved. Copyright 2022-2025 Advanced Micro Devices, Inc. All Rights Reserved.
---------------------------------------------------------------------------------------------------------------------------------------------
| Tool Version : Vivado v.2025.2 (win64) Build 6299465 Fri Nov 14 19:35:11 GMT 2025
| Date         : Tue Apr 21 11:56:20 2026
| Host         : Legion-Y9000P running 64-bit major release  (build 9200)
| Command      : report_methodology -file methodology.rpt
| Design       : top
| Device       : xc7k325tffg900-2
| Speed File   : -2
| Design State : Fully Routed
---------------------------------------------------------------------------------------------------------------------------------------------

Report Methodology

Table of Contents
-----------------
1. REPORT SUMMARY
2. REPORT DETAILS

1. REPORT SUMMARY
-----------------
            Netlist: netlist
          Floorplan: impl_1
      Design limits: <entire design considered>
             Max checks: <unlimited>
             Checks found: 167
+-----------+------------------+--------------------------------------------+--------+
| Rule      | Severity         | Description                                | Checks |
+-----------+------------------+--------------------------------------------+--------+
| TIMING-14 | Critical Warning | LUT on the clock tree                      | 1      |
| SYNTH-6   | Warning          | Timing of a RAM block might be sub-optimal | 34     |
| SYNTH-10  | Warning          | Wide multiplier                            | 4      |
| SYNTH-15  | Warning          | Byte wide write enable not inferred        | 64     |
| TIMING-16 | Warning          | Large setup violation                      | 64     |
+-----------+------------------+--------------------------------------------+--------+

2. REPORT DETAILS
-----------------
TIMING-14#1 Critical Warning
LUT on the clock tree  
The LUT n_0_6182_BUFG_inst_i_1 has been found on the clock tree. Run opt_design to optimize the clock trees, then re-run report_methodology. If LUT(s) are still present in the clock trees, modify the RTL or the synthesis options accordingly to move the clock gating logic to dedicated clock enable resources. Keep in mind that post-opt_design database cannot be used for pin-planning tasks
Related violations: <none>

SYNTH-6#1 Warning
Timing of a RAM block might be sub-optimal  
The timing for the instance student_top_inst/Mem_IROM/rdata_0_reg_0, implemented as a RAM block, might be sub-optimal as no output register was merged into the block.
Related violations: <none>

SYNTH-6#2 Warning
Timing of a RAM block might be sub-optimal  
The timing for the instance student_top_inst/Mem_IROM/rdata_0_reg_1, implemented as a RAM block, might be sub-optimal as no output register was merged into the block.
Related violations: <none>

SYNTH-6#3 Warning
Timing of a RAM block might be sub-optimal  
The timing for the instance student_top_inst/bridge_inst/dram_driver_inst/mem_reg_0_1_0, implemented as a RAM block, might be sub-optimal as no output register was merged into the block.
Related violations: <none>

SYNTH-6#4 Warning
Timing of a RAM block might be sub-optimal  
The timing for the instance student_top_inst/bridge_inst/dram_driver_inst/mem_reg_0_1_1, implemented as a RAM block, might be sub-optimal as no output register was merged into the block.
Related violations: <none>

SYNTH-6#5 Warning
Timing of a RAM block might be sub-optimal  
The timing for the instance student_top_inst/bridge_inst/dram_driver_inst/mem_reg_0_1_2, implemented as a RAM block, might be sub-optimal as no output register was merged into the block.
Related violations: <none>

SYNTH-6#6 Warning
Timing of a RAM block might be sub-optimal  
The timing for the instance student_top_inst/bridge_inst/dram_driver_inst/mem_reg_0_1_3, implemented as a RAM block, might be sub-optimal as no output register was merged into the block.
Related violations: <none>

SYNTH-6#7 Warning
Timing of a RAM block might be sub-optimal  
The timing for the instance student_top_inst/bridge_inst/dram_driver_inst/mem_reg_0_1_4, implemented as a RAM block, might be sub-optimal as no output register was merged into the block.
Related violations: <none>

SYNTH-6#8 Warning
Timing of a RAM block might be sub-optimal  
The timing for the instance student_top_inst/bridge_inst/dram_driver_inst/mem_reg_0_1_5, implemented as a RAM block, might be sub-optimal as no output register was merged into the block.
Related violations: <none>

SYNTH-6#9 Warning
Timing of a RAM block might be sub-optimal  
The timing for the instance student_top_inst/bridge_inst/dram_driver_inst/mem_reg_0_1_6, implemented as a RAM block, might be sub-optimal as no output register was merged into the block.
Related violations: <none>

SYNTH-6#10 Warning
Timing of a RAM block might be sub-optimal  
The timing for the instance student_top_inst/bridge_inst/dram_driver_inst/mem_reg_0_1_7, implemented as a RAM block, might be sub-optimal as no output register was merged into the block.
Related violations: <none>

SYNTH-6#11 Warning
Timing of a RAM block might be sub-optimal  
The timing for the instance student_top_inst/bridge_inst/dram_driver_inst/mem_reg_1_1_0, implemented as a RAM block, might be sub-optimal as no output register was merged into the block.
Related violations: <none>

SYNTH-6#12 Warning
Timing of a RAM block might be sub-optimal  
The timing for the instance student_top_inst/bridge_inst/dram_driver_inst/mem_reg_1_1_1, implemented as a RAM block, might be sub-optimal as no output register was merged into the block.
Related violations: <none>

SYNTH-6#13 Warning
Timing of a RAM block might be sub-optimal  
The timing for the instance student_top_inst/bridge_inst/dram_driver_inst/mem_reg_1_1_2, implemented as a RAM block, might be sub-optimal as no output register was merged into the block.
Related violations: <none>

SYNTH-6#14 Warning
Timing of a RAM block might be sub-optimal  
The timing for the instance student_top_inst/bridge_inst/dram_driver_inst/mem_reg_1_1_3, implemented as a RAM block, might be sub-optimal as no output register was merged into the block.
Related violations: <none>

SYNTH-6#15 Warning
Timing of a RAM block might be sub-optimal  
The timing for the instance student_top_inst/bridge_inst/dram_driver_inst/mem_reg_1_1_4, implemented as a RAM block, might be sub-optimal as no output register was merged into the block.
Related violations: <none>

SYNTH-6#16 Warning
Timing of a RAM block might be sub-optimal  
The timing for the instance student_top_inst/bridge_inst/dram_driver_inst/mem_reg_1_1_5, implemented as a RAM block, might be sub-optimal as no output register was merged into the block.
Related violations: <none>

SYNTH-6#17 Warning
Timing of a RAM block might be sub-optimal  
The timing for the instance student_top_inst/bridge_inst/dram_driver_inst/mem_reg_1_1_6, implemented as a RAM block, might be sub-optimal as no output register was merged into the block.
Related violations: <none>

SYNTH-6#18 Warning
Timing of a RAM block might be sub-optimal  
The timing for the instance student_top_inst/bridge_inst/dram_driver_inst/mem_reg_1_1_7, implemented as a RAM block, might be sub-optimal as no output register was merged into the block.
Related violations: <none>

SYNTH-6#19 Warning
Timing of a RAM block might be sub-optimal  
The timing for the instance student_top_inst/bridge_inst/dram_driver_inst/mem_reg_2_1_0, implemented as a RAM block, might be sub-optimal as no output register was merged into the block.
Related violations: <none>

SYNTH-6#20 Warning
Timing of a RAM block might be sub-optimal  
The timing for the instance student_top_inst/bridge_inst/dram_driver_inst/mem_reg_2_1_1, implemented as a RAM block, might be sub-optimal as no output register was merged into the block.
Related violations: <none>

SYNTH-6#21 Warning
Timing of a RAM block might be sub-optimal  
The timing for the instance student_top_inst/bridge_inst/dram_driver_inst/mem_reg_2_1_2, implemented as a RAM block, might be sub-optimal as no output register was merged into the block.
Related violations: <none>

SYNTH-6#22 Warning
Timing of a RAM block might be sub-optimal  
The timing for the instance student_top_inst/bridge_inst/dram_driver_inst/mem_reg_2_1_3, implemented as a RAM block, might be sub-optimal as no output register was merged into the block.
Related violations: <none>

SYNTH-6#23 Warning
Timing of a RAM block might be sub-optimal  
The timing for the instance student_top_inst/bridge_inst/dram_driver_inst/mem_reg_2_1_4, implemented as a RAM block, might be sub-optimal as no output register was merged into the block.
Related violations: <none>

SYNTH-6#24 Warning
Timing of a RAM block might be sub-optimal  
The timing for the instance student_top_inst/bridge_inst/dram_driver_inst/mem_reg_2_1_5, implemented as a RAM block, might be sub-optimal as no output register was merged into the block.
Related violations: <none>

SYNTH-6#25 Warning
Timing of a RAM block might be sub-optimal  
The timing for the instance student_top_inst/bridge_inst/dram_driver_inst/mem_reg_2_1_6, implemented as a RAM block, might be sub-optimal as no output register was merged into the block.
Related violations: <none>

SYNTH-6#26 Warning
Timing of a RAM block might be sub-optimal  
The timing for the instance student_top_inst/bridge_inst/dram_driver_inst/mem_reg_2_1_7, implemented as a RAM block, might be sub-optimal as no output register was merged into the block.
Related violations: <none>

SYNTH-6#27 Warning
Timing of a RAM block might be sub-optimal  
The timing for the instance student_top_inst/bridge_inst/dram_driver_inst/mem_reg_3_1_0, implemented as a RAM block, might be sub-optimal as no output register was merged into the block.
Related violations: <none>

SYNTH-6#28 Warning
Timing of a RAM block might be sub-optimal  
The timing for the instance student_top_inst/bridge_inst/dram_driver_inst/mem_reg_3_1_1, implemented as a RAM block, might be sub-optimal as no output register was merged into the block.
Related violations: <none>

SYNTH-6#29 Warning
Timing of a RAM block might be sub-optimal  
The timing for the instance student_top_inst/bridge_inst/dram_driver_inst/mem_reg_3_1_2, implemented as a RAM block, might be sub-optimal as no output register was merged into the block.
Related violations: <none>

SYNTH-6#30 Warning
Timing of a RAM block might be sub-optimal  
The timing for the instance student_top_inst/bridge_inst/dram_driver_inst/mem_reg_3_1_3, implemented as a RAM block, might be sub-optimal as no output register was merged into the block.
Related violations: <none>

SYNTH-6#31 Warning
Timing of a RAM block might be sub-optimal  
The timing for the instance student_top_inst/bridge_inst/dram_driver_inst/mem_reg_3_1_4, implemented as a RAM block, might be sub-optimal as no output register was merged into the block.
Related violations: <none>

SYNTH-6#32 Warning
Timing of a RAM block might be sub-optimal  
The timing for the instance student_top_inst/bridge_inst/dram_driver_inst/mem_reg_3_1_5, implemented as a RAM block, might be sub-optimal as no output register was merged into the block.
Related violations: <none>

SYNTH-6#33 Warning
Timing of a RAM block might be sub-optimal  
The timing for the instance student_top_inst/bridge_inst/dram_driver_inst/mem_reg_3_1_6, implemented as a RAM block, might be sub-optimal as no output register was merged into the block.
Related violations: <none>

SYNTH-6#34 Warning
Timing of a RAM block might be sub-optimal  
The timing for the instance student_top_inst/bridge_inst/dram_driver_inst/mem_reg_3_1_7, implemented as a RAM block, might be sub-optimal as no output register was merged into the block.
Related violations: <none>

SYNTH-10#1 Warning
Wide multiplier  
Detected multiplier at student_top_inst/Core_cpu/u_core/u_ex/mul_result_r0 of size 16x18, it is decomposed from a wide multipler into 4 DSP blocks.
Related violations: <none>

SYNTH-10#2 Warning
Wide multiplier  
Detected multiplier at student_top_inst/Core_cpu/u_core/u_ex/mul_result_r0__0 of size 18x18, it is decomposed from a wide multipler into 4 DSP blocks.
Related violations: <none>

SYNTH-10#3 Warning
Wide multiplier  
Detected multiplier at student_top_inst/Core_cpu/u_core/u_ex/mul_result_r_reg of size 16x16, it is decomposed from a wide multipler into 4 DSP blocks.
Related violations: <none>

SYNTH-10#4 Warning
Wide multiplier  
Detected multiplier at student_top_inst/Core_cpu/u_core/u_ex/mul_result_r_reg__0 of size 18x16, it is decomposed from a wide multipler into 4 DSP blocks.
Related violations: <none>

SYNTH-15#1 Warning
Byte wide write enable not inferred  
Byte wide write enable (BWWE) is not inferred for Block RAM student_top_inst/bridge_inst/dram_driver_inst/mem_reg_0_0_0 because address width (16) is more than optimal threshold of 12. Implementing using BWWE will require more logic and timing would be suboptimal. Please use attribute ram_decomp = power if BWWE is desired..
Related violations: <none>

SYNTH-15#2 Warning
Byte wide write enable not inferred  
Byte wide write enable (BWWE) is not inferred for Block RAM student_top_inst/bridge_inst/dram_driver_inst/mem_reg_0_0_1 because address width (16) is more than optimal threshold of 12. Implementing using BWWE will require more logic and timing would be suboptimal. Please use attribute ram_decomp = power if BWWE is desired..
Related violations: <none>

SYNTH-15#3 Warning
Byte wide write enable not inferred  
Byte wide write enable (BWWE) is not inferred for Block RAM student_top_inst/bridge_inst/dram_driver_inst/mem_reg_0_0_2 because address width (16) is more than optimal threshold of 12. Implementing using BWWE will require more logic and timing would be suboptimal. Please use attribute ram_decomp = power if BWWE is desired..
Related violations: <none>

SYNTH-15#4 Warning
Byte wide write enable not inferred  
Byte wide write enable (BWWE) is not inferred for Block RAM student_top_inst/bridge_inst/dram_driver_inst/mem_reg_0_0_3 because address width (16) is more than optimal threshold of 12. Implementing using BWWE will require more logic and timing would be suboptimal. Please use attribute ram_decomp = power if BWWE is desired..
Related violations: <none>

SYNTH-15#5 Warning
Byte wide write enable not inferred  
Byte wide write enable (BWWE) is not inferred for Block RAM student_top_inst/bridge_inst/dram_driver_inst/mem_reg_0_0_4 because address width (16) is more than optimal threshold of 12. Implementing using BWWE will require more logic and timing would be suboptimal. Please use attribute ram_decomp = power if BWWE is desired..
Related violations: <none>

SYNTH-15#6 Warning
Byte wide write enable not inferred  
Byte wide write enable (BWWE) is not inferred for Block RAM student_top_inst/bridge_inst/dram_driver_inst/mem_reg_0_0_5 because address width (16) is more than optimal threshold of 12. Implementing using BWWE will require more logic and timing would be suboptimal. Please use attribute ram_decomp = power if BWWE is desired..
Related violations: <none>

SYNTH-15#7 Warning
Byte wide write enable not inferred  
Byte wide write enable (BWWE) is not inferred for Block RAM student_top_inst/bridge_inst/dram_driver_inst/mem_reg_0_0_6 because address width (16) is more than optimal threshold of 12. Implementing using BWWE will require more logic and timing would be suboptimal. Please use attribute ram_decomp = power if BWWE is desired..
Related violations: <none>

SYNTH-15#8 Warning
Byte wide write enable not inferred  
Byte wide write enable (BWWE) is not inferred for Block RAM student_top_inst/bridge_inst/dram_driver_inst/mem_reg_0_0_7 because address width (16) is more than optimal threshold of 12. Implementing using BWWE will require more logic and timing would be suboptimal. Please use attribute ram_decomp = power if BWWE is desired..
Related violations: <none>

SYNTH-15#9 Warning
Byte wide write enable not inferred  
Byte wide write enable (BWWE) is not inferred for Block RAM student_top_inst/bridge_inst/dram_driver_inst/mem_reg_0_1_0 because address width (16) is more than optimal threshold of 12. Implementing using BWWE will require more logic and timing would be suboptimal. Please use attribute ram_decomp = power if BWWE is desired..
Related violations: <none>

SYNTH-15#10 Warning
Byte wide write enable not inferred  
Byte wide write enable (BWWE) is not inferred for Block RAM student_top_inst/bridge_inst/dram_driver_inst/mem_reg_0_1_1 because address width (16) is more than optimal threshold of 12. Implementing using BWWE will require more logic and timing would be suboptimal. Please use attribute ram_decomp = power if BWWE is desired..
Related violations: <none>

SYNTH-15#11 Warning
Byte wide write enable not inferred  
Byte wide write enable (BWWE) is not inferred for Block RAM student_top_inst/bridge_inst/dram_driver_inst/mem_reg_0_1_2 because address width (16) is more than optimal threshold of 12. Implementing using BWWE will require more logic and timing would be suboptimal. Please use attribute ram_decomp = power if BWWE is desired..
Related violations: <none>

SYNTH-15#12 Warning
Byte wide write enable not inferred  
Byte wide write enable (BWWE) is not inferred for Block RAM student_top_inst/bridge_inst/dram_driver_inst/mem_reg_0_1_3 because address width (16) is more than optimal threshold of 12. Implementing using BWWE will require more logic and timing would be suboptimal. Please use attribute ram_decomp = power if BWWE is desired..
Related violations: <none>

SYNTH-15#13 Warning
Byte wide write enable not inferred  
Byte wide write enable (BWWE) is not inferred for Block RAM student_top_inst/bridge_inst/dram_driver_inst/mem_reg_0_1_4 because address width (16) is more than optimal threshold of 12. Implementing using BWWE will require more logic and timing would be suboptimal. Please use attribute ram_decomp = power if BWWE is desired..
Related violations: <none>

SYNTH-15#14 Warning
Byte wide write enable not inferred  
Byte wide write enable (BWWE) is not inferred for Block RAM student_top_inst/bridge_inst/dram_driver_inst/mem_reg_0_1_5 because address width (16) is more than optimal threshold of 12. Implementing using BWWE will require more logic and timing would be suboptimal. Please use attribute ram_decomp = power if BWWE is desired..
Related violations: <none>

SYNTH-15#15 Warning
Byte wide write enable not inferred  
Byte wide write enable (BWWE) is not inferred for Block RAM student_top_inst/bridge_inst/dram_driver_inst/mem_reg_0_1_6 because address width (16) is more than optimal threshold of 12. Implementing using BWWE will require more logic and timing would be suboptimal. Please use attribute ram_decomp = power if BWWE is desired..
Related violations: <none>

SYNTH-15#16 Warning
Byte wide write enable not inferred  
Byte wide write enable (BWWE) is not inferred for Block RAM student_top_inst/bridge_inst/dram_driver_inst/mem_reg_0_1_7 because address width (16) is more than optimal threshold of 12. Implementing using BWWE will require more logic and timing would be suboptimal. Please use attribute ram_decomp = power if BWWE is desired..
Related violations: <none>

SYNTH-15#17 Warning
Byte wide write enable not inferred  
Byte wide write enable (BWWE) is not inferred for Block RAM student_top_inst/bridge_inst/dram_driver_inst/mem_reg_1_0_0 because address width (16) is more than optimal threshold of 12. Implementing using BWWE will require more logic and timing would be suboptimal. Please use attribute ram_decomp = power if BWWE is desired..
Related violations: <none>

SYNTH-15#18 Warning
Byte wide write enable not inferred  
Byte wide write enable (BWWE) is not inferred for Block RAM student_top_inst/bridge_inst/dram_driver_inst/mem_reg_1_0_1 because address width (16) is more than optimal threshold of 12. Implementing using BWWE will require more logic and timing would be suboptimal. Please use attribute ram_decomp = power if BWWE is desired..
Related violations: <none>

SYNTH-15#19 Warning
Byte wide write enable not inferred  
Byte wide write enable (BWWE) is not inferred for Block RAM student_top_inst/bridge_inst/dram_driver_inst/mem_reg_1_0_2 because address width (16) is more than optimal threshold of 12. Implementing using BWWE will require more logic and timing would be suboptimal. Please use attribute ram_decomp = power if BWWE is desired..
Related violations: <none>

SYNTH-15#20 Warning
Byte wide write enable not inferred  
Byte wide write enable (BWWE) is not inferred for Block RAM student_top_inst/bridge_inst/dram_driver_inst/mem_reg_1_0_3 because address width (16) is more than optimal threshold of 12. Implementing using BWWE will require more logic and timing would be suboptimal. Please use attribute ram_decomp = power if BWWE is desired..
Related violations: <none>

SYNTH-15#21 Warning
Byte wide write enable not inferred  
Byte wide write enable (BWWE) is not inferred for Block RAM student_top_inst/bridge_inst/dram_driver_inst/mem_reg_1_0_4 because address width (16) is more than optimal threshold of 12. Implementing using BWWE will require more logic and timing would be suboptimal. Please use attribute ram_decomp = power if BWWE is desired..
Related violations: <none>

SYNTH-15#22 Warning
Byte wide write enable not inferred  
Byte wide write enable (BWWE) is not inferred for Block RAM student_top_inst/bridge_inst/dram_driver_inst/mem_reg_1_0_5 because address width (16) is more than optimal threshold of 12. Implementing using BWWE will require more logic and timing would be suboptimal. Please use attribute ram_decomp = power if BWWE is desired..
Related violations: <none>

SYNTH-15#23 Warning
Byte wide write enable not inferred  
Byte wide write enable (BWWE) is not inferred for Block RAM student_top_inst/bridge_inst/dram_driver_inst/mem_reg_1_0_6 because address width (16) is more than optimal threshold of 12. Implementing using BWWE will require more logic and timing would be suboptimal. Please use attribute ram_decomp = power if BWWE is desired..
Related violations: <none>

SYNTH-15#24 Warning
Byte wide write enable not inferred  
Byte wide write enable (BWWE) is not inferred for Block RAM student_top_inst/bridge_inst/dram_driver_inst/mem_reg_1_0_7 because address width (16) is more than optimal threshold of 12. Implementing using BWWE will require more logic and timing would be suboptimal. Please use attribute ram_decomp = power if BWWE is desired..
Related violations: <none>

SYNTH-15#25 Warning
Byte wide write enable not inferred  
Byte wide write enable (BWWE) is not inferred for Block RAM student_top_inst/bridge_inst/dram_driver_inst/mem_reg_1_1_0 because address width (16) is more than optimal threshold of 12. Implementing using BWWE will require more logic and timing would be suboptimal. Please use attribute ram_decomp = power if BWWE is desired..
Related violations: <none>

SYNTH-15#26 Warning
Byte wide write enable not inferred  
Byte wide write enable (BWWE) is not inferred for Block RAM student_top_inst/bridge_inst/dram_driver_inst/mem_reg_1_1_1 because address width (16) is more than optimal threshold of 12. Implementing using BWWE will require more logic and timing would be suboptimal. Please use attribute ram_decomp = power if BWWE is desired..
Related violations: <none>

SYNTH-15#27 Warning
Byte wide write enable not inferred  
Byte wide write enable (BWWE) is not inferred for Block RAM student_top_inst/bridge_inst/dram_driver_inst/mem_reg_1_1_2 because address width (16) is more than optimal threshold of 12. Implementing using BWWE will require more logic and timing would be suboptimal. Please use attribute ram_decomp = power if BWWE is desired..
Related violations: <none>

SYNTH-15#28 Warning
Byte wide write enable not inferred  
Byte wide write enable (BWWE) is not inferred for Block RAM student_top_inst/bridge_inst/dram_driver_inst/mem_reg_1_1_3 because address width (16) is more than optimal threshold of 12. Implementing using BWWE will require more logic and timing would be suboptimal. Please use attribute ram_decomp = power if BWWE is desired..
Related violations: <none>

SYNTH-15#29 Warning
Byte wide write enable not inferred  
Byte wide write enable (BWWE) is not inferred for Block RAM student_top_inst/bridge_inst/dram_driver_inst/mem_reg_1_1_4 because address width (16) is more than optimal threshold of 12. Implementing using BWWE will require more logic and timing would be suboptimal. Please use attribute ram_decomp = power if BWWE is desired..
Related violations: <none>

SYNTH-15#30 Warning
Byte wide write enable not inferred  
Byte wide write enable (BWWE) is not inferred for Block RAM student_top_inst/bridge_inst/dram_driver_inst/mem_reg_1_1_5 because address width (16) is more than optimal threshold of 12. Implementing using BWWE will require more logic and timing would be suboptimal. Please use attribute ram_decomp = power if BWWE is desired..
Related violations: <none>

SYNTH-15#31 Warning
Byte wide write enable not inferred  
Byte wide write enable (BWWE) is not inferred for Block RAM student_top_inst/bridge_inst/dram_driver_inst/mem_reg_1_1_6 because address width (16) is more than optimal threshold of 12. Implementing using BWWE will require more logic and timing would be suboptimal. Please use attribute ram_decomp = power if BWWE is desired..
Related violations: <none>

SYNTH-15#32 Warning
Byte wide write enable not inferred  
Byte wide write enable (BWWE) is not inferred for Block RAM student_top_inst/bridge_inst/dram_driver_inst/mem_reg_1_1_7 because address width (16) is more than optimal threshold of 12. Implementing using BWWE will require more logic and timing would be suboptimal. Please use attribute ram_decomp = power if BWWE is desired..
Related violations: <none>

SYNTH-15#33 Warning
Byte wide write enable not inferred  
Byte wide write enable (BWWE) is not inferred for Block RAM student_top_inst/bridge_inst/dram_driver_inst/mem_reg_2_0_0 because address width (16) is more than optimal threshold of 12. Implementing using BWWE will require more logic and timing would be suboptimal. Please use attribute ram_decomp = power if BWWE is desired..
Related violations: <none>

SYNTH-15#34 Warning
Byte wide write enable not inferred  
Byte wide write enable (BWWE) is not inferred for Block RAM student_top_inst/bridge_inst/dram_driver_inst/mem_reg_2_0_1 because address width (16) is more than optimal threshold of 12. Implementing using BWWE will require more logic and timing would be suboptimal. Please use attribute ram_decomp = power if BWWE is desired..
Related violations: <none>

SYNTH-15#35 Warning
Byte wide write enable not inferred  
Byte wide write enable (BWWE) is not inferred for Block RAM student_top_inst/bridge_inst/dram_driver_inst/mem_reg_2_0_2 because address width (16) is more than optimal threshold of 12. Implementing using BWWE will require more logic and timing would be suboptimal. Please use attribute ram_decomp = power if BWWE is desired..
Related violations: <none>

SYNTH-15#36 Warning
Byte wide write enable not inferred  
Byte wide write enable (BWWE) is not inferred for Block RAM student_top_inst/bridge_inst/dram_driver_inst/mem_reg_2_0_3 because address width (16) is more than optimal threshold of 12. Implementing using BWWE will require more logic and timing would be suboptimal. Please use attribute ram_decomp = power if BWWE is desired..
Related violations: <none>

SYNTH-15#37 Warning
Byte wide write enable not inferred  
Byte wide write enable (BWWE) is not inferred for Block RAM student_top_inst/bridge_inst/dram_driver_inst/mem_reg_2_0_4 because address width (16) is more than optimal threshold of 12. Implementing using BWWE will require more logic and timing would be suboptimal. Please use attribute ram_decomp = power if BWWE is desired..
Related violations: <none>

SYNTH-15#38 Warning
Byte wide write enable not inferred  
Byte wide write enable (BWWE) is not inferred for Block RAM student_top_inst/bridge_inst/dram_driver_inst/mem_reg_2_0_5 because address width (16) is more than optimal threshold of 12. Implementing using BWWE will require more logic and timing would be suboptimal. Please use attribute ram_decomp = power if BWWE is desired..
Related violations: <none>

SYNTH-15#39 Warning
Byte wide write enable not inferred  
Byte wide write enable (BWWE) is not inferred for Block RAM student_top_inst/bridge_inst/dram_driver_inst/mem_reg_2_0_6 because address width (16) is more than optimal threshold of 12. Implementing using BWWE will require more logic and timing would be suboptimal. Please use attribute ram_decomp = power if BWWE is desired..
Related violations: <none>

SYNTH-15#40 Warning
Byte wide write enable not inferred  
Byte wide write enable (BWWE) is not inferred for Block RAM student_top_inst/bridge_inst/dram_driver_inst/mem_reg_2_0_7 because address width (16) is more than optimal threshold of 12. Implementing using BWWE will require more logic and timing would be suboptimal. Please use attribute ram_decomp = power if BWWE is desired..
Related violations: <none>

SYNTH-15#41 Warning
Byte wide write enable not inferred  
Byte wide write enable (BWWE) is not inferred for Block RAM student_top_inst/bridge_inst/dram_driver_inst/mem_reg_2_1_0 because address width (16) is more than optimal threshold of 12. Implementing using BWWE will require more logic and timing would be suboptimal. Please use attribute ram_decomp = power if BWWE is desired..
Related violations: <none>

SYNTH-15#42 Warning
Byte wide write enable not inferred  
Byte wide write enable (BWWE) is not inferred for Block RAM student_top_inst/bridge_inst/dram_driver_inst/mem_reg_2_1_1 because address width (16) is more than optimal threshold of 12. Implementing using BWWE will require more logic and timing would be suboptimal. Please use attribute ram_decomp = power if BWWE is desired..
Related violations: <none>

SYNTH-15#43 Warning
Byte wide write enable not inferred  
Byte wide write enable (BWWE) is not inferred for Block RAM student_top_inst/bridge_inst/dram_driver_inst/mem_reg_2_1_2 because address width (16) is more than optimal threshold of 12. Implementing using BWWE will require more logic and timing would be suboptimal. Please use attribute ram_decomp = power if BWWE is desired..
Related violations: <none>

SYNTH-15#44 Warning
Byte wide write enable not inferred  
Byte wide write enable (BWWE) is not inferred for Block RAM student_top_inst/bridge_inst/dram_driver_inst/mem_reg_2_1_3 because address width (16) is more than optimal threshold of 12. Implementing using BWWE will require more logic and timing would be suboptimal. Please use attribute ram_decomp = power if BWWE is desired..
Related violations: <none>

SYNTH-15#45 Warning
Byte wide write enable not inferred  
Byte wide write enable (BWWE) is not inferred for Block RAM student_top_inst/bridge_inst/dram_driver_inst/mem_reg_2_1_4 because address width (16) is more than optimal threshold of 12. Implementing using BWWE will require more logic and timing would be suboptimal. Please use attribute ram_decomp = power if BWWE is desired..
Related violations: <none>

SYNTH-15#46 Warning
Byte wide write enable not inferred  
Byte wide write enable (BWWE) is not inferred for Block RAM student_top_inst/bridge_inst/dram_driver_inst/mem_reg_2_1_5 because address width (16) is more than optimal threshold of 12. Implementing using BWWE will require more logic and timing would be suboptimal. Please use attribute ram_decomp = power if BWWE is desired..
Related violations: <none>

SYNTH-15#47 Warning
Byte wide write enable not inferred  
Byte wide write enable (BWWE) is not inferred for Block RAM student_top_inst/bridge_inst/dram_driver_inst/mem_reg_2_1_6 because address width (16) is more than optimal threshold of 12. Implementing using BWWE will require more logic and timing would be suboptimal. Please use attribute ram_decomp = power if BWWE is desired..
Related violations: <none>

SYNTH-15#48 Warning
Byte wide write enable not inferred  
Byte wide write enable (BWWE) is not inferred for Block RAM student_top_inst/bridge_inst/dram_driver_inst/mem_reg_2_1_7 because address width (16) is more than optimal threshold of 12. Implementing using BWWE will require more logic and timing would be suboptimal. Please use attribute ram_decomp = power if BWWE is desired..
Related violations: <none>

SYNTH-15#49 Warning
Byte wide write enable not inferred  
Byte wide write enable (BWWE) is not inferred for Block RAM student_top_inst/bridge_inst/dram_driver_inst/mem_reg_3_0_0 because address width (16) is more than optimal threshold of 12. Implementing using BWWE will require more logic and timing would be suboptimal. Please use attribute ram_decomp = power if BWWE is desired..
Related violations: <none>

SYNTH-15#50 Warning
Byte wide write enable not inferred  
Byte wide write enable (BWWE) is not inferred for Block RAM student_top_inst/bridge_inst/dram_driver_inst/mem_reg_3_0_1 because address width (16) is more than optimal threshold of 12. Implementing using BWWE will require more logic and timing would be suboptimal. Please use attribute ram_decomp = power if BWWE is desired..
Related violations: <none>

SYNTH-15#51 Warning
Byte wide write enable not inferred  
Byte wide write enable (BWWE) is not inferred for Block RAM student_top_inst/bridge_inst/dram_driver_inst/mem_reg_3_0_2 because address width (16) is more than optimal threshold of 12. Implementing using BWWE will require more logic and timing would be suboptimal. Please use attribute ram_decomp = power if BWWE is desired..
Related violations: <none>

SYNTH-15#52 Warning
Byte wide write enable not inferred  
Byte wide write enable (BWWE) is not inferred for Block RAM student_top_inst/bridge_inst/dram_driver_inst/mem_reg_3_0_3 because address width (16) is more than optimal threshold of 12. Implementing using BWWE will require more logic and timing would be suboptimal. Please use attribute ram_decomp = power if BWWE is desired..
Related violations: <none>

SYNTH-15#53 Warning
Byte wide write enable not inferred  
Byte wide write enable (BWWE) is not inferred for Block RAM student_top_inst/bridge_inst/dram_driver_inst/mem_reg_3_0_4 because address width (16) is more than optimal threshold of 12. Implementing using BWWE will require more logic and timing would be suboptimal. Please use attribute ram_decomp = power if BWWE is desired..
Related violations: <none>

SYNTH-15#54 Warning
Byte wide write enable not inferred  
Byte wide write enable (BWWE) is not inferred for Block RAM student_top_inst/bridge_inst/dram_driver_inst/mem_reg_3_0_5 because address width (16) is more than optimal threshold of 12. Implementing using BWWE will require more logic and timing would be suboptimal. Please use attribute ram_decomp = power if BWWE is desired..
Related violations: <none>

SYNTH-15#55 Warning
Byte wide write enable not inferred  
Byte wide write enable (BWWE) is not inferred for Block RAM student_top_inst/bridge_inst/dram_driver_inst/mem_reg_3_0_6 because address width (16) is more than optimal threshold of 12. Implementing using BWWE will require more logic and timing would be suboptimal. Please use attribute ram_decomp = power if BWWE is desired..
Related violations: <none>

SYNTH-15#56 Warning
Byte wide write enable not inferred  
Byte wide write enable (BWWE) is not inferred for Block RAM student_top_inst/bridge_inst/dram_driver_inst/mem_reg_3_0_7 because address width (16) is more than optimal threshold of 12. Implementing using BWWE will require more logic and timing would be suboptimal. Please use attribute ram_decomp = power if BWWE is desired..
Related violations: <none>

SYNTH-15#57 Warning
Byte wide write enable not inferred  
Byte wide write enable (BWWE) is not inferred for Block RAM student_top_inst/bridge_inst/dram_driver_inst/mem_reg_3_1_0 because address width (16) is more than optimal threshold of 12. Implementing using BWWE will require more logic and timing would be suboptimal. Please use attribute ram_decomp = power if BWWE is desired..
Related violations: <none>

SYNTH-15#58 Warning
Byte wide write enable not inferred  
Byte wide write enable (BWWE) is not inferred for Block RAM student_top_inst/bridge_inst/dram_driver_inst/mem_reg_3_1_1 because address width (16) is more than optimal threshold of 12. Implementing using BWWE will require more logic and timing would be suboptimal. Please use attribute ram_decomp = power if BWWE is desired..
Related violations: <none>

SYNTH-15#59 Warning
Byte wide write enable not inferred  
Byte wide write enable (BWWE) is not inferred for Block RAM student_top_inst/bridge_inst/dram_driver_inst/mem_reg_3_1_2 because address width (16) is more than optimal threshold of 12. Implementing using BWWE will require more logic and timing would be suboptimal. Please use attribute ram_decomp = power if BWWE is desired..
Related violations: <none>

SYNTH-15#60 Warning
Byte wide write enable not inferred  
Byte wide write enable (BWWE) is not inferred for Block RAM student_top_inst/bridge_inst/dram_driver_inst/mem_reg_3_1_3 because address width (16) is more than optimal threshold of 12. Implementing using BWWE will require more logic and timing would be suboptimal. Please use attribute ram_decomp = power if BWWE is desired..
Related violations: <none>

SYNTH-15#61 Warning
Byte wide write enable not inferred  
Byte wide write enable (BWWE) is not inferred for Block RAM student_top_inst/bridge_inst/dram_driver_inst/mem_reg_3_1_4 because address width (16) is more than optimal threshold of 12. Implementing using BWWE will require more logic and timing would be suboptimal. Please use attribute ram_decomp = power if BWWE is desired..
Related violations: <none>

SYNTH-15#62 Warning
Byte wide write enable not inferred  
Byte wide write enable (BWWE) is not inferred for Block RAM student_top_inst/bridge_inst/dram_driver_inst/mem_reg_3_1_5 because address width (16) is more than optimal threshold of 12. Implementing using BWWE will require more logic and timing would be suboptimal. Please use attribute ram_decomp = power if BWWE is desired..
Related violations: <none>

SYNTH-15#63 Warning
Byte wide write enable not inferred  
Byte wide write enable (BWWE) is not inferred for Block RAM student_top_inst/bridge_inst/dram_driver_inst/mem_reg_3_1_6 because address width (16) is more than optimal threshold of 12. Implementing using BWWE will require more logic and timing would be suboptimal. Please use attribute ram_decomp = power if BWWE is desired..
Related violations: <none>

SYNTH-15#64 Warning
Byte wide write enable not inferred  
Byte wide write enable (BWWE) is not inferred for Block RAM student_top_inst/bridge_inst/dram_driver_inst/mem_reg_3_1_7 because address width (16) is more than optimal threshold of 12. Implementing using BWWE will require more logic and timing would be suboptimal. Please use attribute ram_decomp = power if BWWE is desired..
Related violations: <none>

TIMING-16#1 Warning
Large setup violation  
There is a large setup violation of -1.095 ns between student_top_inst/bridge_inst/dram_driver_inst/mem_reg_2_0_7/CLKBWRCLK (clocked by clk_out2_pll) and student_top_inst/Core_cpu/u_core/u_pipe_memwb/memwb_a_write_data_reg[7]/D (clocked by clk_out2_pll). Large setup violations at the end of those stages might be difficult to fix during the post-placement implementation flow and could be the result of non-optimal XDC constraints or non-optimal design architecture
Related violations: <none>

TIMING-16#2 Warning
Large setup violation  
There is a large setup violation of -1.110 ns between student_top_inst/bridge_inst/dram_driver_inst/mem_reg_2_0_7/CLKBWRCLK (clocked by clk_out2_pll) and student_top_inst/Core_cpu/u_core/u_pipe_memwb/memwb_b_write_data_reg[7]/D (clocked by clk_out2_pll). Large setup violations at the end of those stages might be difficult to fix during the post-placement implementation flow and could be the result of non-optimal XDC constraints or non-optimal design architecture
Related violations: <none>

TIMING-16#3 Warning
Large setup violation  
There is a large setup violation of -1.186 ns between student_top_inst/bridge_inst/dram_driver_inst/mem_reg_2_0_6/CLKBWRCLK (clocked by clk_out2_pll) and student_top_inst/Core_cpu/u_core/u_pipe_memwb/memwb_a_write_data_reg[6]/D (clocked by clk_out2_pll). Large setup violations at the end of those stages might be difficult to fix during the post-placement implementation flow and could be the result of non-optimal XDC constraints or non-optimal design architecture
Related violations: <none>

TIMING-16#4 Warning
Large setup violation  
There is a large setup violation of -1.200 ns between student_top_inst/bridge_inst/dram_driver_inst/mem_reg_3_0_1/CLKBWRCLK (clocked by clk_out2_pll) and student_top_inst/Core_cpu/u_core/u_pipe_memwb/memwb_b_write_data_reg[1]/D (clocked by clk_out2_pll). Large setup violations at the end of those stages might be difficult to fix during the post-placement implementation flow and could be the result of non-optimal XDC constraints or non-optimal design architecture
Related violations: <none>

TIMING-16#5 Warning
Large setup violation  
There is a large setup violation of -1.239 ns between student_top_inst/bridge_inst/dram_driver_inst/mem_reg_2_0_6/CLKBWRCLK (clocked by clk_out2_pll) and student_top_inst/Core_cpu/u_core/u_pipe_memwb/memwb_b_write_data_reg[6]/D (clocked by clk_out2_pll). Large setup violations at the end of those stages might be difficult to fix during the post-placement implementation flow and could be the result of non-optimal XDC constraints or non-optimal design architecture
Related violations: <none>

TIMING-16#6 Warning
Large setup violation  
There is a large setup violation of -1.244 ns between student_top_inst/bridge_inst/dram_driver_inst/mem_reg_3_0_1/CLKBWRCLK (clocked by clk_out2_pll) and student_top_inst/Core_cpu/u_core/u_pipe_memwb/memwb_a_write_data_reg[1]/D (clocked by clk_out2_pll). Large setup violations at the end of those stages might be difficult to fix during the post-placement implementation flow and could be the result of non-optimal XDC constraints or non-optimal design architecture
Related violations: <none>

TIMING-16#7 Warning
Large setup violation  
There is a large setup violation of -1.281 ns between student_top_inst/bridge_inst/dram_driver_inst/mem_reg_2_0_5/CLKBWRCLK (clocked by clk_out2_pll) and student_top_inst/Core_cpu/u_core/u_pipe_memwb/memwb_b_write_data_reg[5]/D (clocked by clk_out2_pll). Large setup violations at the end of those stages might be difficult to fix during the post-placement implementation flow and could be the result of non-optimal XDC constraints or non-optimal design architecture
Related violations: <none>

TIMING-16#8 Warning
Large setup violation  
There is a large setup violation of -1.282 ns between student_top_inst/bridge_inst/dram_driver_inst/mem_reg_2_0_5/CLKBWRCLK (clocked by clk_out2_pll) and student_top_inst/Core_cpu/u_core/u_pipe_memwb/memwb_a_write_data_reg[5]/D (clocked by clk_out2_pll). Large setup violations at the end of those stages might be difficult to fix during the post-placement implementation flow and could be the result of non-optimal XDC constraints or non-optimal design architecture
Related violations: <none>

TIMING-16#9 Warning
Large setup violation  
There is a large setup violation of -1.299 ns between student_top_inst/bridge_inst/dram_driver_inst/mem_reg_2_0_2/CLKBWRCLK (clocked by clk_out2_pll) and student_top_inst/Core_cpu/u_core/u_pipe_memwb/memwb_a_write_data_reg[2]/D (clocked by clk_out2_pll). Large setup violations at the end of those stages might be difficult to fix during the post-placement implementation flow and could be the result of non-optimal XDC constraints or non-optimal design architecture
Related violations: <none>

TIMING-16#10 Warning
Large setup violation  
There is a large setup violation of -1.340 ns between student_top_inst/bridge_inst/dram_driver_inst/mem_reg_3_0_0/CLKBWRCLK (clocked by clk_out2_pll) and student_top_inst/Core_cpu/u_core/u_pipe_memwb/memwb_a_write_data_reg[0]/D (clocked by clk_out2_pll). Large setup violations at the end of those stages might be difficult to fix during the post-placement implementation flow and could be the result of non-optimal XDC constraints or non-optimal design architecture
Related violations: <none>

TIMING-16#11 Warning
Large setup violation  
There is a large setup violation of -1.358 ns between student_top_inst/bridge_inst/dram_driver_inst/mem_reg_3_0_0/CLKBWRCLK (clocked by clk_out2_pll) and student_top_inst/Core_cpu/u_core/u_pipe_memwb/memwb_b_write_data_reg[0]/D (clocked by clk_out2_pll). Large setup violations at the end of those stages might be difficult to fix during the post-placement implementation flow and could be the result of non-optimal XDC constraints or non-optimal design architecture
Related violations: <none>

TIMING-16#12 Warning
Large setup violation  
There is a large setup violation of -1.373 ns between student_top_inst/bridge_inst/dram_driver_inst/mem_reg_0_0_4/CLKBWRCLK (clocked by clk_out2_pll) and student_top_inst/Core_cpu/u_core/u_pipe_memwb/memwb_a_write_data_reg[4]/D (clocked by clk_out2_pll). Large setup violations at the end of those stages might be difficult to fix during the post-placement implementation flow and could be the result of non-optimal XDC constraints or non-optimal design architecture
Related violations: <none>

TIMING-16#13 Warning
Large setup violation  
There is a large setup violation of -1.378 ns between student_top_inst/bridge_inst/dram_driver_inst/mem_reg_2_0_2/CLKBWRCLK (clocked by clk_out2_pll) and student_top_inst/Core_cpu/u_core/u_pipe_memwb/memwb_b_write_data_reg[2]/D (clocked by clk_out2_pll). Large setup violations at the end of those stages might be difficult to fix during the post-placement implementation flow and could be the result of non-optimal XDC constraints or non-optimal design architecture
Related violations: <none>

TIMING-16#14 Warning
Large setup violation  
There is a large setup violation of -1.392 ns between student_top_inst/bridge_inst/dram_driver_inst/mem_reg_1_0_5/CLKBWRCLK (clocked by clk_out2_pll) and student_top_inst/Core_cpu/u_core/u_pipe_memwb/memwb_a_write_data_reg[13]/D (clocked by clk_out2_pll). Large setup violations at the end of those stages might be difficult to fix during the post-placement implementation flow and could be the result of non-optimal XDC constraints or non-optimal design architecture
Related violations: <none>

TIMING-16#15 Warning
Large setup violation  
There is a large setup violation of -1.397 ns between student_top_inst/bridge_inst/dram_driver_inst/mem_reg_2_0_7/CLKBWRCLK (clocked by clk_out2_pll) and student_top_inst/Core_cpu/u_core/u_pipe_memwb/memwb_a_write_data_reg[15]/D (clocked by clk_out2_pll). Large setup violations at the end of those stages might be difficult to fix during the post-placement implementation flow and could be the result of non-optimal XDC constraints or non-optimal design architecture
Related violations: <none>

TIMING-16#16 Warning
Large setup violation  
There is a large setup violation of -1.399 ns between student_top_inst/bridge_inst/dram_driver_inst/mem_reg_2_0_7/CLKBWRCLK (clocked by clk_out2_pll) and student_top_inst/Core_cpu/u_core/u_pipe_memwb/memwb_b_write_data_reg[30]/D (clocked by clk_out2_pll). Large setup violations at the end of those stages might be difficult to fix during the post-placement implementation flow and could be the result of non-optimal XDC constraints or non-optimal design architecture
Related violations: <none>

TIMING-16#17 Warning
Large setup violation  
There is a large setup violation of -1.403 ns between student_top_inst/bridge_inst/dram_driver_inst/mem_reg_2_0_7/CLKBWRCLK (clocked by clk_out2_pll) and student_top_inst/Core_cpu/u_core/u_pipe_memwb/memwb_a_write_data_reg[21]/D (clocked by clk_out2_pll). Large setup violations at the end of those stages might be difficult to fix during the post-placement implementation flow and could be the result of non-optimal XDC constraints or non-optimal design architecture
Related violations: <none>

TIMING-16#18 Warning
Large setup violation  
There is a large setup violation of -1.406 ns between student_top_inst/bridge_inst/dram_driver_inst/mem_reg_2_0_7/CLKBWRCLK (clocked by clk_out2_pll) and student_top_inst/Core_cpu/u_core/u_pipe_memwb/memwb_b_write_data_reg[14]/D (clocked by clk_out2_pll). Large setup violations at the end of those stages might be difficult to fix during the post-placement implementation flow and could be the result of non-optimal XDC constraints or non-optimal design architecture
Related violations: <none>

TIMING-16#19 Warning
Large setup violation  
There is a large setup violation of -1.409 ns between student_top_inst/bridge_inst/dram_driver_inst/mem_reg_2_0_7/CLKBWRCLK (clocked by clk_out2_pll) and student_top_inst/Core_cpu/u_core/u_pipe_memwb/memwb_b_write_data_reg[12]/D (clocked by clk_out2_pll). Large setup violations at the end of those stages might be difficult to fix during the post-placement implementation flow and could be the result of non-optimal XDC constraints or non-optimal design architecture
Related violations: <none>

TIMING-16#20 Warning
Large setup violation  
There is a large setup violation of -1.415 ns between student_top_inst/bridge_inst/dram_driver_inst/mem_reg_2_0_7/CLKBWRCLK (clocked by clk_out2_pll) and student_top_inst/Core_cpu/u_core/u_pipe_memwb/memwb_a_write_data_reg[29]/D (clocked by clk_out2_pll). Large setup violations at the end of those stages might be difficult to fix during the post-placement implementation flow and could be the result of non-optimal XDC constraints or non-optimal design architecture
Related violations: <none>

TIMING-16#21 Warning
Large setup violation  
There is a large setup violation of -1.433 ns between student_top_inst/bridge_inst/dram_driver_inst/mem_reg_2_0_7/CLKBWRCLK (clocked by clk_out2_pll) and student_top_inst/Core_cpu/u_core/u_pipe_memwb/memwb_a_write_data_reg[30]/D (clocked by clk_out2_pll). Large setup violations at the end of those stages might be difficult to fix during the post-placement implementation flow and could be the result of non-optimal XDC constraints or non-optimal design architecture
Related violations: <none>

TIMING-16#22 Warning
Large setup violation  
There is a large setup violation of -1.435 ns between student_top_inst/bridge_inst/dram_driver_inst/mem_reg_2_0_7/CLKBWRCLK (clocked by clk_out2_pll) and student_top_inst/Core_cpu/u_core/u_pipe_memwb/memwb_a_write_data_reg[24]/D (clocked by clk_out2_pll). Large setup violations at the end of those stages might be difficult to fix during the post-placement implementation flow and could be the result of non-optimal XDC constraints or non-optimal design architecture
Related violations: <none>

TIMING-16#23 Warning
Large setup violation  
There is a large setup violation of -1.435 ns between student_top_inst/bridge_inst/dram_driver_inst/mem_reg_2_0_7/CLKBWRCLK (clocked by clk_out2_pll) and student_top_inst/Core_cpu/u_core/u_pipe_memwb/memwb_a_write_data_reg[25]/D (clocked by clk_out2_pll). Large setup violations at the end of those stages might be difficult to fix during the post-placement implementation flow and could be the result of non-optimal XDC constraints or non-optimal design architecture
Related violations: <none>

TIMING-16#24 Warning
Large setup violation  
There is a large setup violation of -1.456 ns between student_top_inst/bridge_inst/dram_driver_inst/mem_reg_2_0_7/CLKBWRCLK (clocked by clk_out2_pll) and student_top_inst/Core_cpu/u_core/u_pipe_memwb/memwb_a_write_data_reg[14]/D (clocked by clk_out2_pll). Large setup violations at the end of those stages might be difficult to fix during the post-placement implementation flow and could be the result of non-optimal XDC constraints or non-optimal design architecture
Related violations: <none>

TIMING-16#25 Warning
Large setup violation  
There is a large setup violation of -1.462 ns between student_top_inst/bridge_inst/dram_driver_inst/mem_reg_2_0_7/CLKBWRCLK (clocked by clk_out2_pll) and student_top_inst/Core_cpu/u_core/u_pipe_memwb/memwb_b_write_data_reg[15]/D (clocked by clk_out2_pll). Large setup violations at the end of those stages might be difficult to fix during the post-placement implementation flow and could be the result of non-optimal XDC constraints or non-optimal design architecture
Related violations: <none>

TIMING-16#26 Warning
Large setup violation  
There is a large setup violation of -1.463 ns between student_top_inst/bridge_inst/dram_driver_inst/mem_reg_2_0_7/CLKBWRCLK (clocked by clk_out2_pll) and student_top_inst/Core_cpu/u_core/u_pipe_memwb/memwb_a_write_data_reg[9]/D (clocked by clk_out2_pll). Large setup violations at the end of those stages might be difficult to fix during the post-placement implementation flow and could be the result of non-optimal XDC constraints or non-optimal design architecture
Related violations: <none>

TIMING-16#27 Warning
Large setup violation  
There is a large setup violation of -1.463 ns between student_top_inst/bridge_inst/dram_driver_inst/mem_reg_2_0_7/CLKBWRCLK (clocked by clk_out2_pll) and student_top_inst/Core_cpu/u_core/u_pipe_memwb/memwb_b_write_data_reg[8]/D (clocked by clk_out2_pll). Large setup violations at the end of those stages might be difficult to fix during the post-placement implementation flow and could be the result of non-optimal XDC constraints or non-optimal design architecture
Related violations: <none>

TIMING-16#28 Warning
Large setup violation  
There is a large setup violation of -1.465 ns between student_top_inst/bridge_inst/dram_driver_inst/mem_reg_2_0_7/CLKBWRCLK (clocked by clk_out2_pll) and student_top_inst/Core_cpu/u_core/u_pipe_memwb/memwb_a_write_data_reg[12]/D (clocked by clk_out2_pll). Large setup violations at the end of those stages might be difficult to fix during the post-placement implementation flow and could be the result of non-optimal XDC constraints or non-optimal design architecture
Related violations: <none>

TIMING-16#29 Warning
Large setup violation  
There is a large setup violation of -1.468 ns between student_top_inst/bridge_inst/dram_driver_inst/mem_reg_2_0_7/CLKBWRCLK (clocked by clk_out2_pll) and student_top_inst/Core_cpu/u_core/u_pipe_memwb/memwb_a_write_data_reg[31]/D (clocked by clk_out2_pll). Large setup violations at the end of those stages might be difficult to fix during the post-placement implementation flow and could be the result of non-optimal XDC constraints or non-optimal design architecture
Related violations: <none>

TIMING-16#30 Warning
Large setup violation  
There is a large setup violation of -1.469 ns between student_top_inst/bridge_inst/dram_driver_inst/mem_reg_2_0_7/CLKBWRCLK (clocked by clk_out2_pll) and student_top_inst/Core_cpu/u_core/u_pipe_memwb/memwb_b_write_data_reg[31]/D (clocked by clk_out2_pll). Large setup violations at the end of those stages might be difficult to fix during the post-placement implementation flow and could be the result of non-optimal XDC constraints or non-optimal design architecture
Related violations: <none>

TIMING-16#31 Warning
Large setup violation  
There is a large setup violation of -1.481 ns between student_top_inst/bridge_inst/dram_driver_inst/mem_reg_0_0_4/CLKBWRCLK (clocked by clk_out2_pll) and student_top_inst/Core_cpu/u_core/u_pipe_memwb/memwb_b_write_data_reg[4]/D (clocked by clk_out2_pll). Large setup violations at the end of those stages might be difficult to fix during the post-placement implementation flow and could be the result of non-optimal XDC constraints or non-optimal design architecture
Related violations: <none>

TIMING-16#32 Warning
Large setup violation  
There is a large setup violation of -1.483 ns between student_top_inst/bridge_inst/dram_driver_inst/mem_reg_1_0_0/CLKBWRCLK (clocked by clk_out2_pll) and student_top_inst/Core_cpu/u_core/u_pipe_memwb/memwb_a_write_data_reg[8]/D (clocked by clk_out2_pll). Large setup violations at the end of those stages might be difficult to fix during the post-placement implementation flow and could be the result of non-optimal XDC constraints or non-optimal design architecture
Related violations: <none>

TIMING-16#33 Warning
Large setup violation  
There is a large setup violation of -1.490 ns between student_top_inst/bridge_inst/dram_driver_inst/mem_reg_3_0_3/CLKBWRCLK (clocked by clk_out2_pll) and student_top_inst/Core_cpu/u_core/u_pipe_memwb/memwb_b_write_data_reg[27]/D (clocked by clk_out2_pll). Large setup violations at the end of those stages might be difficult to fix during the post-placement implementation flow and could be the result of non-optimal XDC constraints or non-optimal design architecture
Related violations: <none>

TIMING-16#34 Warning
Large setup violation  
There is a large setup violation of -1.498 ns between student_top_inst/bridge_inst/dram_driver_inst/mem_reg_2_0_7/CLKBWRCLK (clocked by clk_out2_pll) and student_top_inst/Core_cpu/u_core/u_pipe_memwb/memwb_a_write_data_reg[17]/D (clocked by clk_out2_pll). Large setup violations at the end of those stages might be difficult to fix during the post-placement implementation flow and could be the result of non-optimal XDC constraints or non-optimal design architecture
Related violations: <none>

TIMING-16#35 Warning
Large setup violation  
There is a large setup violation of -1.498 ns between student_top_inst/bridge_inst/dram_driver_inst/mem_reg_2_0_7/CLKBWRCLK (clocked by clk_out2_pll) and student_top_inst/Core_cpu/u_core/u_pipe_memwb/memwb_b_write_data_reg[13]/D (clocked by clk_out2_pll). Large setup violations at the end of those stages might be difficult to fix during the post-placement implementation flow and could be the result of non-optimal XDC constraints or non-optimal design architecture
Related violations: <none>

TIMING-16#36 Warning
Large setup violation  
There is a large setup violation of -1.503 ns between student_top_inst/bridge_inst/dram_driver_inst/mem_reg_2_0_7/CLKBWRCLK (clocked by clk_out2_pll) and student_top_inst/Core_cpu/u_core/u_pipe_memwb/memwb_b_write_data_reg[16]/D (clocked by clk_out2_pll). Large setup violations at the end of those stages might be difficult to fix during the post-placement implementation flow and could be the result of non-optimal XDC constraints or non-optimal design architecture
Related violations: <none>

TIMING-16#37 Warning
Large setup violation  
There is a large setup violation of -1.505 ns between student_top_inst/bridge_inst/dram_driver_inst/mem_reg_2_0_7/CLKBWRCLK (clocked by clk_out2_pll) and student_top_inst/Core_cpu/u_core/u_pipe_memwb/memwb_b_write_data_reg[26]/D (clocked by clk_out2_pll). Large setup violations at the end of those stages might be difficult to fix during the post-placement implementation flow and could be the result of non-optimal XDC constraints or non-optimal design architecture
Related violations: <none>

TIMING-16#38 Warning
Large setup violation  
There is a large setup violation of -1.507 ns between student_top_inst/bridge_inst/dram_driver_inst/mem_reg_2_0_7/CLKBWRCLK (clocked by clk_out2_pll) and student_top_inst/Core_cpu/u_core/u_pipe_memwb/memwb_b_write_data_reg[24]/D (clocked by clk_out2_pll). Large setup violations at the end of those stages might be difficult to fix during the post-placement implementation flow and could be the result of non-optimal XDC constraints or non-optimal design architecture
Related violations: <none>

TIMING-16#39 Warning
Large setup violation  
There is a large setup violation of -1.512 ns between student_top_inst/bridge_inst/dram_driver_inst/mem_reg_2_0_7/CLKBWRCLK (clocked by clk_out2_pll) and student_top_inst/Core_cpu/u_core/u_pipe_memwb/memwb_a_write_data_reg[26]/D (clocked by clk_out2_pll). Large setup violations at the end of those stages might be difficult to fix during the post-placement implementation flow and could be the result of non-optimal XDC constraints or non-optimal design architecture
Related violations: <none>

TIMING-16#40 Warning
Large setup violation  
There is a large setup violation of -1.514 ns between student_top_inst/bridge_inst/dram_driver_inst/mem_reg_2_0_7/CLKBWRCLK (clocked by clk_out2_pll) and student_top_inst/Core_cpu/u_core/u_pipe_memwb/memwb_a_write_data_reg[20]/D (clocked by clk_out2_pll). Large setup violations at the end of those stages might be difficult to fix during the post-placement implementation flow and could be the result of non-optimal XDC constraints or non-optimal design architecture
Related violations: <none>

TIMING-16#41 Warning
Large setup violation  
There is a large setup violation of -1.516 ns between student_top_inst/bridge_inst/dram_driver_inst/mem_reg_2_0_7/CLKBWRCLK (clocked by clk_out2_pll) and student_top_inst/Core_cpu/u_core/u_pipe_memwb/memwb_a_write_data_reg[28]/D (clocked by clk_out2_pll). Large setup violations at the end of those stages might be difficult to fix during the post-placement implementation flow and could be the result of non-optimal XDC constraints or non-optimal design architecture
Related violations: <none>

TIMING-16#42 Warning
Large setup violation  
There is a large setup violation of -1.524 ns between student_top_inst/bridge_inst/dram_driver_inst/mem_reg_2_0_7/CLKBWRCLK (clocked by clk_out2_pll) and student_top_inst/Core_cpu/u_core/u_pipe_memwb/memwb_b_write_data_reg[29]/D (clocked by clk_out2_pll). Large setup violations at the end of those stages might be difficult to fix during the post-placement implementation flow and could be the result of non-optimal XDC constraints or non-optimal design architecture
Related violations: <none>

TIMING-16#43 Warning
Large setup violation  
There is a large setup violation of -1.526 ns between student_top_inst/bridge_inst/dram_driver_inst/mem_reg_2_0_7/CLKBWRCLK (clocked by clk_out2_pll) and student_top_inst/Core_cpu/u_core/u_pipe_memwb/memwb_b_write_data_reg[28]/D (clocked by clk_out2_pll). Large setup violations at the end of those stages might be difficult to fix during the post-placement implementation flow and could be the result of non-optimal XDC constraints or non-optimal design architecture
Related violations: <none>

TIMING-16#44 Warning
Large setup violation  
There is a large setup violation of -1.528 ns between student_top_inst/bridge_inst/dram_driver_inst/mem_reg_2_0_7/CLKBWRCLK (clocked by clk_out2_pll) and student_top_inst/Core_cpu/u_core/u_pipe_memwb/memwb_a_write_data_reg[16]/D (clocked by clk_out2_pll). Large setup violations at the end of those stages might be difficult to fix during the post-placement implementation flow and could be the result of non-optimal XDC constraints or non-optimal design architecture
Related violations: <none>

TIMING-16#45 Warning
Large setup violation  
There is a large setup violation of -1.529 ns between student_top_inst/bridge_inst/dram_driver_inst/mem_reg_2_0_7/CLKBWRCLK (clocked by clk_out2_pll) and student_top_inst/Core_cpu/u_core/u_pipe_memwb/memwb_a_write_data_reg[22]/D (clocked by clk_out2_pll). Large setup violations at the end of those stages might be difficult to fix during the post-placement implementation flow and could be the result of non-optimal XDC constraints or non-optimal design architecture
Related violations: <none>

TIMING-16#46 Warning
Large setup violation  
There is a large setup violation of -1.534 ns between student_top_inst/bridge_inst/dram_driver_inst/mem_reg_3_0_1/CLKBWRCLK (clocked by clk_out2_pll) and student_top_inst/Core_cpu/u_core/u_pipe_memwb/memwb_b_write_data_reg[9]/D (clocked by clk_out2_pll). Large setup violations at the end of those stages might be difficult to fix during the post-placement implementation flow and could be the result of non-optimal XDC constraints or non-optimal design architecture
Related violations: <none>

TIMING-16#47 Warning
Large setup violation  
There is a large setup violation of -1.536 ns between student_top_inst/bridge_inst/dram_driver_inst/mem_reg_3_0_3/CLKBWRCLK (clocked by clk_out2_pll) and student_top_inst/Core_cpu/u_core/u_pipe_memwb/memwb_a_write_data_reg[27]/D (clocked by clk_out2_pll). Large setup violations at the end of those stages might be difficult to fix during the post-placement implementation flow and could be the result of non-optimal XDC constraints or non-optimal design architecture
Related violations: <none>

TIMING-16#48 Warning
Large setup violation  
There is a large setup violation of -1.537 ns between student_top_inst/bridge_inst/dram_driver_inst/mem_reg_2_0_7/CLKBWRCLK (clocked by clk_out2_pll) and student_top_inst/Core_cpu/u_core/u_pipe_memwb/memwb_b_write_data_reg[23]/D (clocked by clk_out2_pll). Large setup violations at the end of those stages might be difficult to fix during the post-placement implementation flow and could be the result of non-optimal XDC constraints or non-optimal design architecture
Related violations: <none>

TIMING-16#49 Warning
Large setup violation  
There is a large setup violation of -1.548 ns between student_top_inst/bridge_inst/dram_driver_inst/mem_reg_2_0_3/CLKBWRCLK (clocked by clk_out2_pll) and student_top_inst/Core_cpu/u_core/u_pipe_memwb/memwb_b_write_data_reg[19]/D (clocked by clk_out2_pll). Large setup violations at the end of those stages might be difficult to fix during the post-placement implementation flow and could be the result of non-optimal XDC constraints or non-optimal design architecture
Related violations: <none>

TIMING-16#50 Warning
Large setup violation  
There is a large setup violation of -1.554 ns between student_top_inst/bridge_inst/dram_driver_inst/mem_reg_2_0_7/CLKBWRCLK (clocked by clk_out2_pll) and student_top_inst/Core_cpu/u_core/u_pipe_memwb/memwb_a_write_data_reg[23]/D (clocked by clk_out2_pll). Large setup violations at the end of those stages might be difficult to fix during the post-placement implementation flow and could be the result of non-optimal XDC constraints or non-optimal design architecture
Related violations: <none>

TIMING-16#51 Warning
Large setup violation  
There is a large setup violation of -1.561 ns between student_top_inst/bridge_inst/dram_driver_inst/mem_reg_2_0_7/CLKBWRCLK (clocked by clk_out2_pll) and student_top_inst/Core_cpu/u_core/u_pipe_memwb/memwb_a_write_data_reg[10]/D (clocked by clk_out2_pll). Large setup violations at the end of those stages might be difficult to fix during the post-placement implementation flow and could be the result of non-optimal XDC constraints or non-optimal design architecture
Related violations: <none>

TIMING-16#52 Warning
Large setup violation  
There is a large setup violation of -1.564 ns between student_top_inst/bridge_inst/dram_driver_inst/mem_reg_2_0_7/CLKBWRCLK (clocked by clk_out2_pll) and student_top_inst/Core_cpu/u_core/u_pipe_memwb/memwb_b_write_data_reg[10]/D (clocked by clk_out2_pll). Large setup violations at the end of those stages might be difficult to fix during the post-placement implementation flow and could be the result of non-optimal XDC constraints or non-optimal design architecture
Related violations: <none>

TIMING-16#53 Warning
Large setup violation  
There is a large setup violation of -1.579 ns between student_top_inst/bridge_inst/dram_driver_inst/mem_reg_2_0_7/CLKBWRCLK (clocked by clk_out2_pll) and student_top_inst/Core_cpu/u_core/u_pipe_memwb/memwb_b_write_data_reg[21]/D (clocked by clk_out2_pll). Large setup violations at the end of those stages might be difficult to fix during the post-placement implementation flow and could be the result of non-optimal XDC constraints or non-optimal design architecture
Related violations: <none>

TIMING-16#54 Warning
Large setup violation  
There is a large setup violation of -1.585 ns between student_top_inst/bridge_inst/dram_driver_inst/mem_reg_2_0_3/CLKBWRCLK (clocked by clk_out2_pll) and student_top_inst/Core_cpu/u_core/u_pipe_memwb/memwb_a_write_data_reg[3]/D (clocked by clk_out2_pll). Large setup violations at the end of those stages might be difficult to fix during the post-placement implementation flow and could be the result of non-optimal XDC constraints or non-optimal design architecture
Related violations: <none>

TIMING-16#55 Warning
Large setup violation  
There is a large setup violation of -1.586 ns between student_top_inst/bridge_inst/dram_driver_inst/mem_reg_2_0_3/CLKBWRCLK (clocked by clk_out2_pll) and student_top_inst/Core_cpu/u_core/u_pipe_memwb/memwb_b_write_data_reg[3]/D (clocked by clk_out2_pll). Large setup violations at the end of those stages might be difficult to fix during the post-placement implementation flow and could be the result of non-optimal XDC constraints or non-optimal design architecture
Related violations: <none>

TIMING-16#56 Warning
Large setup violation  
There is a large setup violation of -1.593 ns between student_top_inst/bridge_inst/dram_driver_inst/mem_reg_2_0_7/CLKBWRCLK (clocked by clk_out2_pll) and student_top_inst/Core_cpu/u_core/u_pipe_memwb/memwb_b_write_data_reg[20]/D (clocked by clk_out2_pll). Large setup violations at the end of those stages might be difficult to fix during the post-placement implementation flow and could be the result of non-optimal XDC constraints or non-optimal design architecture
Related violations: <none>

TIMING-16#57 Warning
Large setup violation  
There is a large setup violation of -1.620 ns between student_top_inst/bridge_inst/dram_driver_inst/mem_reg_2_0_7/CLKBWRCLK (clocked by clk_out2_pll) and student_top_inst/Core_cpu/u_core/u_pipe_memwb/memwb_a_write_data_reg[18]/D (clocked by clk_out2_pll). Large setup violations at the end of those stages might be difficult to fix during the post-placement implementation flow and could be the result of non-optimal XDC constraints or non-optimal design architecture
Related violations: <none>

TIMING-16#58 Warning
Large setup violation  
There is a large setup violation of -1.630 ns between student_top_inst/bridge_inst/dram_driver_inst/mem_reg_2_0_6/CLKBWRCLK (clocked by clk_out2_pll) and student_top_inst/Core_cpu/u_core/u_pipe_memwb/memwb_b_write_data_reg[22]/D (clocked by clk_out2_pll). Large setup violations at the end of those stages might be difficult to fix during the post-placement implementation flow and could be the result of non-optimal XDC constraints or non-optimal design architecture
Related violations: <none>

TIMING-16#59 Warning
Large setup violation  
There is a large setup violation of -1.634 ns between student_top_inst/bridge_inst/dram_driver_inst/mem_reg_2_0_7/CLKBWRCLK (clocked by clk_out2_pll) and student_top_inst/Core_cpu/u_core/u_pipe_memwb/memwb_b_write_data_reg[17]/D (clocked by clk_out2_pll). Large setup violations at the end of those stages might be difficult to fix during the post-placement implementation flow and could be the result of non-optimal XDC constraints or non-optimal design architecture
Related violations: <none>

TIMING-16#60 Warning
Large setup violation  
There is a large setup violation of -1.652 ns between student_top_inst/bridge_inst/dram_driver_inst/mem_reg_2_0_7/CLKBWRCLK (clocked by clk_out2_pll) and student_top_inst/Core_cpu/u_core/u_pipe_memwb/memwb_b_write_data_reg[25]/D (clocked by clk_out2_pll). Large setup violations at the end of those stages might be difficult to fix during the post-placement implementation flow and could be the result of non-optimal XDC constraints or non-optimal design architecture
Related violations: <none>

TIMING-16#61 Warning
Large setup violation  
There is a large setup violation of -1.732 ns between student_top_inst/bridge_inst/dram_driver_inst/mem_reg_2_0_7/CLKBWRCLK (clocked by clk_out2_pll) and student_top_inst/Core_cpu/u_core/u_pipe_memwb/memwb_a_write_data_reg[19]/D (clocked by clk_out2_pll). Large setup violations at the end of those stages might be difficult to fix during the post-placement implementation flow and could be the result of non-optimal XDC constraints or non-optimal design architecture
Related violations: <none>

TIMING-16#62 Warning
Large setup violation  
There is a large setup violation of -1.740 ns between student_top_inst/bridge_inst/dram_driver_inst/mem_reg_1_0_3/CLKBWRCLK (clocked by clk_out2_pll) and student_top_inst/Core_cpu/u_core/u_pipe_memwb/memwb_a_write_data_reg[11]/D (clocked by clk_out2_pll). Large setup violations at the end of those stages might be difficult to fix during the post-placement implementation flow and could be the result of non-optimal XDC constraints or non-optimal design architecture
Related violations: <none>

TIMING-16#63 Warning
Large setup violation  
There is a large setup violation of -1.743 ns between student_top_inst/bridge_inst/dram_driver_inst/mem_reg_2_0_7/CLKBWRCLK (clocked by clk_out2_pll) and student_top_inst/Core_cpu/u_core/u_pipe_memwb/memwb_b_write_data_reg[18]/D (clocked by clk_out2_pll). Large setup violations at the end of those stages might be difficult to fix during the post-placement implementation flow and could be the result of non-optimal XDC constraints or non-optimal design architecture
Related violations: <none>

TIMING-16#64 Warning
Large setup violation  
There is a large setup violation of -1.749 ns between student_top_inst/bridge_inst/dram_driver_inst/mem_reg_1_0_3/CLKBWRCLK (clocked by clk_out2_pll) and student_top_inst/Core_cpu/u_core/u_pipe_memwb/memwb_b_write_data_reg[11]/D (clocked by clk_out2_pll). Large setup violations at the end of those stages might be difficult to fix during the post-placement implementation flow and could be the result of non-optimal XDC constraints or non-optimal design architecture
Related violations: <none>


